<?xml version="1.0" encoding="UTF-8"?>
<!-- Generated by org.testng.reporters.JUnitReportReporter -->
<testsuite skipped="0" hostname="LAPTOP-FF62I3LT" name="sapnaProject.Sapna123.BaseClass" tests="1" failures="0" timestamp="23 Jan 2020 15:55:41 GMT" time="10.180" errors="0">
  <testcase name="loginTest" time="10.180" classname="sapnaProject.Sapna123.BaseClass"/>
</testsuite> <!-- sapnaProject.Sapna123.BaseClass -->
