<?xml version="1.0" encoding="UTF-8"?>
<!-- Generated by org.testng.reporters.JUnitReportReporter -->
<testsuite skipped="0" hostname="LAPTOP-FF62I3LT" name="sapnaProject.Sapna123.TC_LoginTest_001" tests="1" failures="0" timestamp="06 Feb 2020 17:42:33 GMT" time="17.771" errors="0">
  <testcase name="loginTest" time="17.771" classname="sapnaProject.Sapna123.TC_LoginTest_001"/>
</testsuite> <!-- sapnaProject.Sapna123.TC_LoginTest_001 -->
